[debug] > Exec(;run ;Webserver, None, None)
[debug] > Exec(run, None, None)
[debug] Evaluating tasks: Compile / run
[debug] Running task... Cancel: Signal, check cycles: false, forcegc: true
[info] compiling 6 Scala sources to E:\MS\Fall 2021\CS 441\Assignments\3\logsearch-service\target\scala-2.13\classes ...
[warn] 1 deprecation (since 10.2.0)
[warn] 3 deprecations (since 2.6.0)
[warn] 4 deprecations in total; re-run with -deprecation for details
[warn] three warnings found
[info] done compiling
[debug] Forcing garbage collection...
[error] java.lang.RuntimeException: No main class detected.
[error] 	at scala.sys.package$.error(package.scala:30)
[error] 	at sbt.Defaults$.$anonfun$bgRunTask$4(Defaults.scala:1969)
[error] 	at scala.Option.getOrElse(Option.scala:189)
[error] 	at sbt.Defaults$.$anonfun$bgRunTask$3(Defaults.scala:1969)
[error] 	at scala.Function1.$anonfun$compose$1(Function1.scala:49)
[error] 	at sbt.internal.util.$tilde$greater.$anonfun$$u2219$1(TypeFunctions.scala:62)
[error] 	at sbt.std.Transform$$anon$4.work(Transform.scala:68)
[error] 	at sbt.Execute.$anonfun$submit$2(Execute.scala:282)
[error] 	at sbt.internal.util.ErrorHandling$.wideConvert(ErrorHandling.scala:23)
[error] 	at sbt.Execute.work(Execute.scala:291)
[error] 	at sbt.Execute.$anonfun$submit$1(Execute.scala:282)
[error] 	at sbt.ConcurrentRestrictions$$anon$4.$anonfun$submitValid$1(ConcurrentRestrictions.scala:265)
[error] 	at sbt.CompletionService$$anon$2.call(CompletionService.scala:64)
[error] 	at java.base/java.util.concurrent.FutureTask.run(FutureTask.java:264)
[error] 	at java.base/java.util.concurrent.Executors$RunnableAdapter.call(Executors.java:515)
[error] 	at java.base/java.util.concurrent.FutureTask.run(FutureTask.java:264)
[error] 	at java.base/java.util.concurrent.ThreadPoolExecutor.runWorker(ThreadPoolExecutor.java:1128)
[error] 	at java.base/java.util.concurrent.ThreadPoolExecutor$Worker.run(ThreadPoolExecutor.java:628)
[error] 	at java.base/java.lang.Thread.run(Thread.java:834)
[error] (Compile / bgRun) No main class detected.
[error] Total time: 9 s, completed 24 Oct 2021, 09:50:41
[debug] > Exec(idea-shell, None, None)
[debug] > Exec(, None, None)
[debug] > Exec(idea-shell, None, None)
