[debug] > Exec(early(addDefaultCommands), None, None)
[debug] > Exec(addDefaultCommands, None, None)
[debug] > Exec(early(initialize), None, None)
[debug] > Exec(initialize, None, None)
[debug] > Exec(early(addPluginSbtFile="""C:\Users\srthi\AppData\Local\Temp\idea2.sbt"""), None, None)
[debug] > Exec(addPluginSbtFile="""C:\Users\srthi\AppData\Local\Temp\idea2.sbt""", None, None)
[debug] > Exec(boot, None, None)
[debug] > Exec(writeSbtVersion, None, None)
[debug] > Exec(reload, None, None)
[debug] > Exec(sbtStashOnFailure, None, None)
[debug] > Exec(onFailure loadFailed, None, None)
[debug] > Exec(loadp, None, None)
[info] welcome to sbt 1.5.5 (Oracle Corporation Java 11.0.12)
[debug]       Load.loadUnit: plugins took 92.7785ms
[debug]       Load.loadUnit: defsScala took 0.3686ms
[debug] [Loading] Scanning directory C:\Users\srthi\.sbt\1.0\plugins
[debug] [Loading] Found non-root projects 
[debug] [Loading] Done in C:\Users\srthi\.sbt\1.0\plugins, returning: ()
[debug] deducing auto plugins based on known facts Set(Atom(sbt.plugins.CorePlugin)) and clauses Clauses(Clause(Atom(sbt.plugins.JvmPlugin),Set(Atom(sbt.plugins.IvyPlugin)))
[debug] Clause(Atom(sbt.ScriptedPlugin),Set(Atom(sbt.plugins.JvmPlugin)))
[debug] Clause(Atom(sbt.plugins.SbtPlugin),Set(Atom(sbt.ScriptedPlugin)))
[debug] Clause(Atom(sbt.plugins.SemanticdbPlugin),Set(Atom(sbt.plugins.JvmPlugin)))
[debug] Clause(Atom(sbt.plugins.JUnitXmlReportPlugin),Set(Atom(sbt.plugins.JvmPlugin)))
[debug] Clause(Atom(sbt.plugins.MiniDependencyTreePlugin),Set(Atom(sbt.plugins.JvmPlugin)))
[debug] Clause(Atom(sbt.plugins.CorePlugin),Set(Atom(sbt.plugins.IvyPlugin)))
[debug] Clause(Atom(sbt.plugins.IvyPlugin),Set(Atom(sbt.plugins.JvmPlugin)))
[debug] Clause(Atom(sbt.plugins.JvmPlugin),Set(Atom(sbt.plugins.SemanticdbPlugin)))
[debug] Clause(Atom(sbt.plugins.JvmPlugin),Set(Atom(sbt.plugins.JUnitXmlReportPlugin)))
[debug] Clause(Atom(sbt.plugins.CorePlugin),Set(Atom(sbt.plugins.Giter8TemplatePlugin)))
[debug] Clause(Atom(sbt.plugins.JvmPlugin),Set(Atom(sbt.plugins.MiniDependencyTreePlugin))))
[debug]   :: deduced result: Matched(sbt.plugins.CorePlugin,sbt.plugins.Giter8TemplatePlugin,sbt.plugins.IvyPlugin,sbt.plugins.JvmPlugin,sbt.plugins.MiniDependencyTreePlugin,sbt.plugins.JUnitXmlReportPlugin,sbt.plugins.SemanticdbPlugin)
[debug] Plugins.deducer#function took 18.3494 ms
[debug]           Load.resolveProject(global-plugins) took 46.2191ms
[debug]         Load.loadTransitive: finalizeProject(Project(id global-plugins, base: C:\Users\srthi\.sbt\1.0\plugins, plugins: List(<none>))) took 90.7301ms
[debug] [Loading] Done in C:\Users\srthi\.sbt\1.0\plugins, returning: (global-plugins)
[debug]       Load.loadUnit: loadedProjectsRaw took 111.0751ms
[debug]       Load.loadUnit: cleanEvalClasses took 0.2225ms
[debug]     Load.loadUnit(file:/C:/Users/srthi/.sbt/1.0/plugins/, ...) took 212.6383ms
[debug]   Load.apply: load took 358.6709ms
[debug]   Load.apply: resolveProjects took 7.8827ms
[debug]   Load.apply: finalTransforms took 64.0957ms
[debug]   Load.apply: config.delegates took 8.6023ms
[debug]   Load.apply: Def.make(settings)... took 408.9144ms
[debug]   Load.apply: structureIndex took 122.2294ms
[debug]   Load.apply: mkStreams took 2.2079ms
[info] loading global plugins from C:\Users\srthi\.sbt\1.0\plugins
[debug] Running task... Cancel: Signal, check cycles: false, forcegc: true
[debug] Load.defaultLoad until apply took 2627.5617ms
[debug]           Load.loadUnit: plugins took 65.2212ms
[debug]           Load.loadUnit: defsScala took 0.0139ms
[debug] [Loading] Scanning directory E:\MS\Fall 2021\CS 441\Assignments\3\logsearch-service\project
[debug]             Load.loadUnit: mkEval took 14.4223ms
[debug] [Loading] Found non-root projects 
[debug] [Loading] Done in E:\MS\Fall 2021\CS 441\Assignments\3\logsearch-service\project, returning: ()
[debug] deducing auto plugins based on known facts Set(Atom(sbt.plugins.CorePlugin)) and clauses Clauses(Clause(Atom(sbt.plugins.JvmPlugin),Set(Atom(sbt.plugins.IvyPlugin)))
[debug] Clause(Atom(sbt.ScriptedPlugin),Set(Atom(sbt.plugins.JvmPlugin)))
[debug] Clause(Atom(sbt.plugins.SbtPlugin),Set(Atom(sbt.ScriptedPlugin)))
[debug] Clause(Atom(sbt.plugins.SemanticdbPlugin),Set(Atom(sbt.plugins.JvmPlugin)))
[debug] Clause(Atom(sbt.plugins.JUnitXmlReportPlugin),Set(Atom(sbt.plugins.JvmPlugin)))
[debug] Clause(Atom(sbt.plugins.MiniDependencyTreePlugin),Set(Atom(sbt.plugins.JvmPlugin)))
[debug] Clause(Atom(sbt.plugins.CorePlugin),Set(Atom(sbt.plugins.IvyPlugin)))
[debug] Clause(Atom(sbt.plugins.IvyPlugin),Set(Atom(sbt.plugins.JvmPlugin)))
[debug] Clause(Atom(sbt.plugins.JvmPlugin),Set(Atom(sbt.plugins.SemanticdbPlugin)))
[debug] Clause(Atom(sbt.plugins.JvmPlugin),Set(Atom(sbt.plugins.JUnitXmlReportPlugin)))
[debug] Clause(Atom(sbt.plugins.CorePlugin),Set(Atom(sbt.plugins.Giter8TemplatePlugin)))
[debug] Clause(Atom(sbt.plugins.JvmPlugin),Set(Atom(sbt.plugins.MiniDependencyTreePlugin))))
[debug]   :: deduced result: Matched(sbt.plugins.CorePlugin,sbt.plugins.Giter8TemplatePlugin,sbt.plugins.IvyPlugin,sbt.plugins.JvmPlugin,sbt.plugins.MiniDependencyTreePlugin,sbt.plugins.JUnitXmlReportPlugin,sbt.plugins.SemanticdbPlugin)
[debug] Plugins.deducer#function took 1.832 ms
[info] loading settings for project logsearch-service-build from plugins.sbt,idea2.sbt ...
[debug]               Load.resolveProject(logsearch-service-build) took 8.606ms
[debug]             Load.loadTransitive: finalizeProject(Project(id logsearch-service-build, base: E:\MS\Fall 2021\CS 441\Assignments\3\logsearch-service\project, plugins: List(<none>))) took 11.0427ms
[debug] [Loading] Done in E:\MS\Fall 2021\CS 441\Assignments\3\logsearch-service\project, returning: (logsearch-service-build)
[debug]           Load.loadUnit: loadedProjectsRaw took 3016.1056ms
[debug]           Load.loadUnit: cleanEvalClasses took 3.8266ms
[debug]         Load.loadUnit(file:/E:/MS/Fall%202021/CS%20441/Assignments/3/logsearch-service/project/, ...) took 3088.1819ms
[debug]       Load.apply: load took 3089.6279ms
[debug]       Load.apply: resolveProjects took 0.1002ms
[debug]       Load.apply: finalTransforms took 9.4198ms
[debug]       Load.apply: config.delegates took 0.4202ms
[debug]       Load.apply: Def.make(settings)... took 74.0344ms
[debug]       Load.apply: structureIndex took 27.778ms
[debug]       Load.apply: mkStreams took 0.0024ms
[info] loading project definition from E:\MS\Fall 2021\CS 441\Assignments\3\logsearch-service\project
[debug] Running task... Cancel: Signal, check cycles: false, forcegc: true
[warn] Unrecognized repository Scala Plugin Bundled Repository, ignoring it
[debug]     Load.loadUnit: plugins took 4855.0851ms
[debug]     Load.loadUnit: defsScala took 0.0023ms
[debug] [Loading] Scanning directory E:\MS\Fall 2021\CS 441\Assignments\3\logsearch-service
[debug]       Load.loadUnit: mkEval took 0.1567ms
[debug] [Loading] Found non-root projects 
[debug] [Loading] Done in E:\MS\Fall 2021\CS 441\Assignments\3\logsearch-service, returning: ()
[debug] deducing auto plugins based on known facts Set(Atom(akka.grpc.sbt.AkkaGrpcPlugin), Atom(sbt.plugins.CorePlugin)) and clauses Clauses(Clause(Atom(sbt.plugins.JvmPlugin),Set(Atom(sbt.plugins.IvyPlugin)))
[debug] Clause(Atom(sbt.ScriptedPlugin),Set(Atom(sbt.plugins.JvmPlugin)))
[debug] Clause(Atom(sbt.plugins.SbtPlugin),Set(Atom(sbt.ScriptedPlugin)))
[debug] Clause(Atom(sbt.plugins.SemanticdbPlugin),Set(Atom(sbt.plugins.JvmPlugin)))
[debug] Clause(Atom(sbt.plugins.JUnitXmlReportPlugin),Set(Atom(sbt.plugins.JvmPlugin)))
[debug] Clause(Atom(sbt.plugins.MiniDependencyTreePlugin),Set(Atom(sbt.plugins.JvmPlugin)))
[debug] Clause(Atom(akka.grpc.sbt.AkkaGrpcPlugin),Set(Atom(sbtprotoc.ProtocPlugin)))
[debug] Clause(Atom(org.jetbrains.sbt.StructurePlugin),Set(Atom(sbt.plugins.JvmPlugin)))
[debug] Clause(Atom(org.jetbrains.sbt.IdeaShellPlugin),Set(Atom(sbt.plugins.JvmPlugin)))
[debug] Clause(Atom(org.jetbrains.sbt.indices.SbtIntellijIndicesPlugin),Set(Atom(sbt.plugins.JvmPlugin)))
[debug] Clause(Atom(sbtprotoc.ProtocPlugin),Set(Atom(sbt.plugins.JvmPlugin)))
[debug] Clause(Atom(org.portablescala.sbtplatformdeps.PlatformDepsPlugin),Set(Atom(sbt.plugins.JvmPlugin)))
[debug] Clause(Atom(sbt.plugins.CorePlugin),Set(Atom(sbt.plugins.IvyPlugin)))
[debug] Clause(Atom(sbt.plugins.IvyPlugin),Set(Atom(sbt.plugins.JvmPlugin)))
[debug] Clause(Atom(sbt.plugins.JvmPlugin),Set(Atom(sbt.plugins.SemanticdbPlugin)))
[debug] Clause(Atom(sbt.plugins.JvmPlugin),Set(Atom(sbt.plugins.JUnitXmlReportPlugin)))
[debug] Clause(Atom(sbt.plugins.CorePlugin),Set(Atom(sbt.plugins.Giter8TemplatePlugin)))
[debug] Clause(Atom(sbt.plugins.JvmPlugin),Set(Atom(sbt.plugins.MiniDependencyTreePlugin)))
[debug] Clause(Atom(sbt.plugins.JvmPlugin),Set(Atom(org.jetbrains.sbt.StructurePlugin)))
[debug] Clause(Atom(sbt.plugins.JvmPlugin),Set(Atom(org.jetbrains.sbt.IdeaShellPlugin)))
[debug] Clause(And(Set(Atom(sbt.plugins.CorePlugin), Atom(sbt.plugins.JvmPlugin))),Set(Atom(org.jetbrains.sbt.indices.SbtIntellijIndicesPlugin)))
[debug] Clause(Atom(sbt.plugins.JvmPlugin),Set(Atom(sbtprotoc.ProtocPlugin)))
[debug] Clause(Atom(sbt.plugins.JvmPlugin),Set(Atom(org.portablescala.sbtplatformdeps.PlatformDepsPlugin))))
[debug]   :: deduced result: Matched(sbt.plugins.CorePlugin,akka.grpc.sbt.AkkaGrpcPlugin,sbt.plugins.Giter8TemplatePlugin,sbt.plugins.IvyPlugin,sbtprotoc.ProtocPlugin,sbt.plugins.JvmPlugin,org.portablescala.sbtplatformdeps.PlatformDepsPlugin,sbt.plugins.SemanticdbPlugin,org.jetbrains.sbt.indices.SbtIntellijIndicesPlugin,sbt.plugins.JUnitXmlReportPlugin,org.jetbrains.sbt.IdeaShellPlugin,org.jetbrains.sbt.StructurePlugin,sbt.plugins.MiniDependencyTreePlugin)
[debug] Plugins.deducer#function took 2.1399 ms
[info] loading settings for project logsearch-service from build.sbt ...
[debug]         Load.resolveProject(logsearch-service) took 50.2811ms
[debug]       Load.loadTransitive: finalizeProject(Project(id logsearch-service, base: E:\MS\Fall 2021\CS 441\Assignments\3\logsearch-service, plugins: List(<none>))) took 53.9133ms
[debug] [Loading] Done in E:\MS\Fall 2021\CS 441\Assignments\3\logsearch-service, returning: (logsearch-service)
[debug]     Load.loadUnit: loadedProjectsRaw took 1448.9611ms
[debug]     Load.loadUnit: cleanEvalClasses took 8.673ms
[debug]   Load.loadUnit(file:/E:/MS/Fall%202021/CS%20441/Assignments/3/logsearch-service/, ...) took 6313.3241ms
[debug] Load.apply: load took 6314.9693ms
[debug] Load.apply: resolveProjects took 0.0821ms
[debug] Load.apply: finalTransforms took 25.3983ms
[debug] Load.apply: config.delegates took 0.3956ms
[debug] Load.apply: Def.make(settings)... took 101.1914ms
[debug] Load.apply: structureIndex took 20.8002ms
[debug] Load.apply: mkStreams took 0.0028ms
[info] set current project to logsearch-service (in build file:/E:/MS/Fall%202021/CS%20441/Assignments/3/logsearch-service/)
[debug] > Exec(sbtPopOnFailure, None, None)
[debug] > Exec(resumeFromFailure, None, None)
[debug] > Exec(notifyUsersAboutShell, None, None)
[debug] > Exec(iflast shell, None, None)
[debug] > Exec(; set ideaPort in Global := 61589 ; idea-shell, None, None)
[debug] > Exec(set ideaPort in Global := 61589, None, None)
[info] Defining Global / ideaPort
[info] The new value will be used by Compile / compile, Test / compile
[debug] Defining 
[debug] 	Global / ideaPort
[debug] 
[debug] The new value will be used by 
[debug] 	Compile / compile
[debug] 	Test / compile
[info] Reapplying settings...
[info] set current project to logsearch-service (in build file:/E:/MS/Fall%202021/CS%20441/Assignments/3/logsearch-service/)
[debug] > Exec(idea-shell, None, None)
